BluetoothLeDemo/build/outputs/logs/manifest-merger-debug-report.txt
-- Merging decision tree log ---
manifest
ADDED from Android_Study/BluetoothLeDemo/AndroidManifest.xml:2:1-43:12
	xmlns:android
		ADDED from Android_Study/BluetoothLeDemo/AndroidManifest.xml:2:11-69
	package
		ADDED from Android_Study/BluetoothLeDemo/AndroidManifest.xml:3:5-30
	android:versionName
		ADDED from Android_Study/BluetoothLeDemo/AndroidManifest.xml:5:5-30
		INJECTED from Android_Study/BluetoothLeDemo/AndroidManifest.xml
		INJECTED from Android_Study/BluetoothLeDemo/AndroidManifest.xml
	android:versionCode
		ADDED from Android_Study/BluetoothLeDemo/AndroidManifest.xml:4:5-28
		INJECTED from Android_Study/BluetoothLeDemo/AndroidManifest.xml
		INJECTED from Android_Study/BluetoothLeDemo/AndroidManifest.xml
uses-sdk
ADDED from Android_Study/BluetoothLeDemo/AndroidManifest.xml:7:5-9:41
	android:targetSdkVersion
		ADDED from Android_Study/BluetoothLeDemo/AndroidManifest.xml:9:9-38
	android:minSdkVersion
		ADDED from Android_Study/BluetoothLeDemo/AndroidManifest.xml:8:9-35
uses-permission#android.permission.BLUETOOTH
ADDED from Android_Study/BluetoothLeDemo/AndroidManifest.xml:11:5-68
	android:name
		ADDED from Android_Study/BluetoothLeDemo/AndroidManifest.xml:11:22-65
uses-permission#android.permission.BLUETOOTH_ADMIN
ADDED from Android_Study/BluetoothLeDemo/AndroidManifest.xml:12:5-74
	android:name
		ADDED from Android_Study/BluetoothLeDemo/AndroidManifest.xml:12:22-71
uses-permission#android.permission.INTERNET
ADDED from Android_Study/BluetoothLeDemo/AndroidManifest.xml:14:5-67
	android:name
		ADDED from Android_Study/BluetoothLeDemo/AndroidManifest.xml:14:22-64
uses-permission#android.permission.WRITE_EXTERNAL_STORAGE
ADDED from Android_Study/BluetoothLeDemo/AndroidManifest.xml:15:5-81
	android:name
		ADDED from Android_Study/BluetoothLeDemo/AndroidManifest.xml:15:22-78
uses-permission#android.permission.MOUNT_UNMOUNT_FILESYSTEMS
ADDED from Android_Study/BluetoothLeDemo/AndroidManifest.xml:16:5-84
	android:name
		ADDED from Android_Study/BluetoothLeDemo/AndroidManifest.xml:16:22-81
uses-feature#android.hardware.bluetooth_le
ADDED from Android_Study/BluetoothLeDemo/AndroidManifest.xml:18:5-20:35
	android:required
		ADDED from Android_Study/BluetoothLeDemo/AndroidManifest.xml:20:9-32
	android:name
		ADDED from Android_Study/BluetoothLeDemo/AndroidManifest.xml:19:9-53
application
ADDED from Android_Study/BluetoothLeDemo/AndroidManifest.xml:22:5-41:19
	android:label
		ADDED from Android_Study/BluetoothLeDemo/AndroidManifest.xml:25:9-41
	android:allowBackup
		ADDED from Android_Study/BluetoothLeDemo/AndroidManifest.xml:23:9-35
	android:icon
		ADDED from Android_Study/BluetoothLeDemo/AndroidManifest.xml:24:9-45
	android:theme
		ADDED from Android_Study/BluetoothLeDemo/AndroidManifest.xml:26:9-56
activity#com.android.ble.activity.DeviceScanActivity
ADDED from Android_Study/BluetoothLeDemo/AndroidManifest.xml:27:9-35:20
	android:label
		ADDED from Android_Study/BluetoothLeDemo/AndroidManifest.xml:29:13-45
	android:name
		ADDED from Android_Study/BluetoothLeDemo/AndroidManifest.xml:28:13-71
intent-filter#android.intent.action.MAIN+android.intent.category.LAUNCHER
ADDED from Android_Study/BluetoothLeDemo/AndroidManifest.xml:30:13-34:29
action#android.intent.action.MAIN
ADDED from Android_Study/BluetoothLeDemo/AndroidManifest.xml:31:17-69
	android:name
		ADDED from Android_Study/BluetoothLeDemo/AndroidManifest.xml:31:25-66
category#android.intent.category.LAUNCHER
ADDED from Android_Study/BluetoothLeDemo/AndroidManifest.xml:33:17-77
	android:name
		ADDED from Android_Study/BluetoothLeDemo/AndroidManifest.xml:33:27-74
activity#com.android.ble.activity.DeviceControlActivity
ADDED from Android_Study/BluetoothLeDemo/AndroidManifest.xml:36:9-83
	android:name
		ADDED from Android_Study/BluetoothLeDemo/AndroidManifest.xml:36:19-80
service#com.android.ble.service.BluetoothLeService
ADDED from Android_Study/BluetoothLeDemo/AndroidManifest.xml:38:9-40:38
	android:enabled
		ADDED from Android_Study/BluetoothLeDemo/AndroidManifest.xml:40:13-35
	android:name
		ADDED from Android_Study/BluetoothLeDemo/AndroidManifest.xml:39:13-70